<?xml version="1.0" encoding="UTF-8"?>
<!-- Generated by org.testng.reporters.JUnitReportReporter -->
<testsuite hostname="LAPTOP-LUAOCDJJ" failures="0" tests="2" name="testcases.rediff.StockManagement" time="10.868" errors="0" timestamp="2024-12-11T21:14:33 EST" skipped="1">
  <testcase classname="testcases.rediff.StockManagement" name="addFreshStock" time="10.868"/>
  <testcase classname="testcases.rediff.StockManagement" name="addFreshStock" time="0.000">
    <skipped/>
  </testcase> <!-- addFreshStock -->
</testsuite> <!-- testcases.rediff.StockManagement -->
